{"/Users/mnitschke/fi/client/src/utils.js": {"path":"/Users/mnitschke/fi/client/src/utils.js","statementMap":{"0":{"start":{"line":2,"column":4},"end":{"line":2,"column":60}},"1":{"start":{"line":9,"column":34},"end":{"line":16,"column":9}},"2":{"start":{"line":10,"column":4},"end":{"line":16,"column":9}},"3":{"start":{"line":13,"column":16},"end":{"line":13,"column":56}}},"fnMap":{"0":{"name":"getFirstOfMonth","decl":{"start":{"line":1,"column":16},"end":{"line":1,"column":31}},"loc":{"start":{"line":1,"column":38},"end":{"line":3,"column":1}},"line":1},"1":{"name":"(anonymous_1)","decl":{"start":{"line":9,"column":34},"end":{"line":9,"column":35}},"loc":{"start":{"line":10,"column":4},"end":{"line":16,"column":9}},"line":10},"2":{"name":"(anonymous_2)","decl":{"start":{"line":12,"column":12},"end":{"line":12,"column":13}},"loc":{"start":{"line":12,"column":25},"end":{"line":14,"column":13}},"line":12}},"branchMap":{},"s":{"0":0,"1":1,"2":8,"3":16},"f":{"0":0,"1":8,"2":16},"b":{},"_coverageSchema":"1a1c01bbd47fc00a2c39e90264f33305004495a9","hash":"a41740c7db9b2a232cb695338f73dd3fa0b2c888"}
,"/Users/mnitschke/fi/client/src/modules/borrows/borrows.actions.js": {"path":"/Users/mnitschke/fi/client/src/modules/borrows/borrows.actions.js","statementMap":{"0":{"start":{"line":6,"column":4},"end":{"line":11,"column":5}}},"fnMap":{"0":{"name":"addBorrow","decl":{"start":{"line":1,"column":16},"end":{"line":1,"column":25}},"loc":{"start":{"line":5,"column":2},"end":{"line":12,"column":1}},"line":5}},"branchMap":{},"s":{"0":1},"f":{"0":1},"b":{},"_coverageSchema":"1a1c01bbd47fc00a2c39e90264f33305004495a9","hash":"6a563496ca43cc929b038d7333d968aad9953d7e"}
,"/Users/mnitschke/fi/client/src/modules/borrows/borrows.reducer.js": {"path":"/Users/mnitschke/fi/client/src/modules/borrows/borrows.reducer.js","statementMap":{"0":{"start":{"line":5,"column":4},"end":{"line":11,"column":5}},"1":{"start":{"line":7,"column":12},"end":{"line":10,"column":13}},"2":{"start":{"line":13,"column":4},"end":{"line":13,"column":19}}},"fnMap":{"0":{"name":"borrowsReducer","decl":{"start":{"line":3,"column":16},"end":{"line":3,"column":30}},"loc":{"start":{"line":3,"column":53},"end":{"line":14,"column":1}},"line":3}},"branchMap":{"0":{"loc":{"start":{"line":3,"column":31},"end":{"line":3,"column":43}},"type":"default-arg","locations":[{"start":{"line":3,"column":41},"end":{"line":3,"column":43}}],"line":3},"1":{"loc":{"start":{"line":5,"column":4},"end":{"line":11,"column":5}},"type":"switch","locations":[{"start":{"line":6,"column":8},"end":{"line":10,"column":13}}],"line":5}},"s":{"0":2,"1":1,"2":1},"f":{"0":2},"b":{"0":[1],"1":[1]},"_coverageSchema":"1a1c01bbd47fc00a2c39e90264f33305004495a9","hash":"6810958b5def5512511d7b38ddf177272c64d218"}
,"/Users/mnitschke/fi/client/src/modules/borrows/borrows.selectors.js": {"path":"/Users/mnitschke/fi/client/src/modules/borrows/borrows.selectors.js","statementMap":{"0":{"start":{"line":3,"column":24},"end":{"line":3,"column":46}},"1":{"start":{"line":3,"column":33},"end":{"line":3,"column":46}},"2":{"start":{"line":5,"column":42},"end":{"line":20,"column":1}},"3":{"start":{"line":5,"column":52},"end":{"line":20,"column":1}},"4":{"start":{"line":7,"column":15},"end":{"line":19,"column":10}},"5":{"start":{"line":9,"column":25},"end":{"line":9,"column":36}},"6":{"start":{"line":10,"column":12},"end":{"line":14,"column":13}},"7":{"start":{"line":11,"column":16},"end":{"line":11,"column":35}},"8":{"start":{"line":12,"column":19},"end":{"line":14,"column":13}},"9":{"start":{"line":13,"column":16},"end":{"line":13,"column":37}},"10":{"start":{"line":15,"column":12},"end":{"line":15,"column":23}}},"fnMap":{"0":{"name":"(anonymous_0)","decl":{"start":{"line":3,"column":24},"end":{"line":3,"column":25}},"loc":{"start":{"line":3,"column":33},"end":{"line":3,"column":46}},"line":3},"1":{"name":"(anonymous_1)","decl":{"start":{"line":5,"column":42},"end":{"line":5,"column":43}},"loc":{"start":{"line":5,"column":52},"end":{"line":20,"column":1}},"line":5},"2":{"name":"(anonymous_2)","decl":{"start":{"line":7,"column":4},"end":{"line":7,"column":5}},"loc":{"start":{"line":7,"column":15},"end":{"line":19,"column":10}},"line":7},"3":{"name":"(anonymous_3)","decl":{"start":{"line":8,"column":16},"end":{"line":8,"column":17}},"loc":{"start":{"line":8,"column":29},"end":{"line":16,"column":9}},"line":8}},"branchMap":{"0":{"loc":{"start":{"line":10,"column":12},"end":{"line":14,"column":13}},"type":"if","locations":[{"start":{"line":10,"column":12},"end":{"line":14,"column":13}},{"start":{"line":10,"column":12},"end":{"line":14,"column":13}}],"line":10},"1":{"loc":{"start":{"line":12,"column":19},"end":{"line":14,"column":13}},"type":"if","locations":[{"start":{"line":12,"column":19},"end":{"line":14,"column":13}},{"start":{"line":12,"column":19},"end":{"line":14,"column":13}}],"line":12}},"s":{"0":1,"1":7,"2":1,"3":7,"4":7,"5":6,"6":6,"7":3,"8":3,"9":3,"10":6},"f":{"0":7,"1":7,"2":7,"3":6},"b":{"0":[3,3],"1":[3,0]},"_coverageSchema":"1a1c01bbd47fc00a2c39e90264f33305004495a9","hash":"bb3491ceeba5a62003fc4fb855f8f3145f7b5dbb"}
,"/Users/mnitschke/fi/client/src/modules/items/items.actions.js": {"path":"/Users/mnitschke/fi/client/src/modules/items/items.actions.js","statementMap":{"0":{"start":{"line":2,"column":4},"end":{"line":7,"column":5}},"1":{"start":{"line":11,"column":4},"end":{"line":15,"column":5}},"2":{"start":{"line":22,"column":4},"end":{"line":27,"column":5}},"3":{"start":{"line":31,"column":4},"end":{"line":35,"column":5}},"4":{"start":{"line":39,"column":4},"end":{"line":44,"column":5}},"5":{"start":{"line":48,"column":4},"end":{"line":53,"column":5}}},"fnMap":{"0":{"name":"addBucket","decl":{"start":{"line":1,"column":16},"end":{"line":1,"column":25}},"loc":{"start":{"line":1,"column":36},"end":{"line":8,"column":1}},"line":1},"1":{"name":"addBucketGroup","decl":{"start":{"line":10,"column":16},"end":{"line":10,"column":30}},"loc":{"start":{"line":10,"column":33},"end":{"line":16,"column":1}},"line":10},"2":{"name":"updateItem","decl":{"start":{"line":18,"column":16},"end":{"line":18,"column":26}},"loc":{"start":{"line":21,"column":2},"end":{"line":28,"column":1}},"line":21},"3":{"name":"deleteItem","decl":{"start":{"line":30,"column":16},"end":{"line":30,"column":26}},"loc":{"start":{"line":30,"column":35},"end":{"line":36,"column":1}},"line":30},"4":{"name":"addTransactionToItem","decl":{"start":{"line":38,"column":16},"end":{"line":38,"column":36}},"loc":{"start":{"line":38,"column":60},"end":{"line":45,"column":1}},"line":38},"5":{"name":"updateItemValue","decl":{"start":{"line":47,"column":16},"end":{"line":47,"column":31}},"loc":{"start":{"line":47,"column":47},"end":{"line":54,"column":1}},"line":47}},"branchMap":{},"s":{"0":2,"1":1,"2":1,"3":2,"4":1,"5":0},"f":{"0":2,"1":1,"2":1,"3":2,"4":1,"5":0},"b":{},"_coverageSchema":"1a1c01bbd47fc00a2c39e90264f33305004495a9","hash":"f30b789dd2e04dfe980701bf951789e576749798"}
,"/Users/mnitschke/fi/client/src/modules/items/items.reducer.js": {"path":"/Users/mnitschke/fi/client/src/modules/items/items.reducer.js","statementMap":{"0":{"start":{"line":4,"column":4},"end":{"line":63,"column":5}},"1":{"start":{"line":7,"column":28},"end":{"line":7,"column":34}},"2":{"start":{"line":9,"column":31},"end":{"line":16,"column":13}},"3":{"start":{"line":18,"column":12},"end":{"line":20,"column":13}},"4":{"start":{"line":19,"column":16},"end":{"line":19,"column":67}},"5":{"start":{"line":22,"column":12},"end":{"line":22,"column":31}},"6":{"start":{"line":25,"column":12},"end":{"line":28,"column":13}},"7":{"start":{"line":31,"column":12},"end":{"line":34,"column":13}},"8":{"start":{"line":37,"column":12},"end":{"line":50,"column":22}},"9":{"start":{"line":38,"column":34},"end":{"line":38,"column":57}},"10":{"start":{"line":40,"column":31},"end":{"line":40,"column":44}},"11":{"start":{"line":43,"column":20},"end":{"line":45,"column":21}},"12":{"start":{"line":44,"column":24},"end":{"line":44,"column":95}},"13":{"start":{"line":44,"column":68},"end":{"line":44,"column":94}},"14":{"start":{"line":47,"column":20},"end":{"line":47,"column":47}},"15":{"start":{"line":49,"column":20},"end":{"line":49,"column":39}},"16":{"start":{"line":53,"column":12},"end":{"line":62,"column":13}},"17":{"start":{"line":65,"column":4},"end":{"line":65,"column":17}}},"fnMap":{"0":{"name":"itemsReducer","decl":{"start":{"line":3,"column":16},"end":{"line":3,"column":28}},"loc":{"start":{"line":3,"column":49},"end":{"line":66,"column":1}},"line":3},"1":{"name":"(anonymous_1)","decl":{"start":{"line":38,"column":24},"end":{"line":38,"column":25}},"loc":{"start":{"line":38,"column":34},"end":{"line":38,"column":57}},"line":38},"2":{"name":"(anonymous_2)","decl":{"start":{"line":39,"column":24},"end":{"line":39,"column":25}},"loc":{"start":{"line":39,"column":49},"end":{"line":50,"column":17}},"line":39},"3":{"name":"(anonymous_3)","decl":{"start":{"line":44,"column":55},"end":{"line":44,"column":56}},"loc":{"start":{"line":44,"column":68},"end":{"line":44,"column":94}},"line":44}},"branchMap":{"0":{"loc":{"start":{"line":3,"column":29},"end":{"line":3,"column":39}},"type":"default-arg","locations":[{"start":{"line":3,"column":37},"end":{"line":3,"column":39}}],"line":3},"1":{"loc":{"start":{"line":4,"column":4},"end":{"line":63,"column":5}},"type":"switch","locations":[{"start":{"line":6,"column":8},"end":{"line":22,"column":31}},{"start":{"line":24,"column":8},"end":{"line":28,"column":13}},{"start":{"line":30,"column":8},"end":{"line":34,"column":13}},{"start":{"line":36,"column":8},"end":{"line":50,"column":22}},{"start":{"line":52,"column":8},"end":{"line":62,"column":13}}],"line":4},"2":{"loc":{"start":{"line":18,"column":12},"end":{"line":20,"column":13}},"type":"if","locations":[{"start":{"line":18,"column":12},"end":{"line":20,"column":13}},{"start":{"line":18,"column":12},"end":{"line":20,"column":13}}],"line":18},"3":{"loc":{"start":{"line":43,"column":20},"end":{"line":45,"column":21}},"type":"if","locations":[{"start":{"line":43,"column":20},"end":{"line":45,"column":21}},{"start":{"line":43,"column":20},"end":{"line":45,"column":21}}],"line":43},"4":{"loc":{"start":{"line":58,"column":27},"end":{"line":58,"column":66}},"type":"binary-expr","locations":[{"start":{"line":58,"column":27},"end":{"line":58,"column":60}},{"start":{"line":58,"column":64},"end":{"line":58,"column":66}}],"line":58}},"s":{"0":8,"1":2,"2":2,"3":2,"4":1,"5":2,"6":1,"7":1,"8":2,"9":8,"10":6,"11":6,"12":2,"13":4,"14":6,"15":6,"16":1,"17":1},"f":{"0":8,"1":8,"2":6,"3":4},"b":{"0":[1],"1":[2,1,1,2,1],"2":[1,1],"3":[2,4],"4":[1,1]},"_coverageSchema":"1a1c01bbd47fc00a2c39e90264f33305004495a9","hash":"02e19a73bc7fdfd9e73dd70dca469c07cb5f83e5"}
,"/Users/mnitschke/fi/client/src/modules/items/items.selectors.js": {"path":"/Users/mnitschke/fi/client/src/modules/items/items.selectors.js","statementMap":{"0":{"start":{"line":9,"column":40},"end":{"line":27,"column":1}},"1":{"start":{"line":9,"column":50},"end":{"line":27,"column":1}},"2":{"start":{"line":10,"column":13},"end":{"line":10,"column":44}},"3":{"start":{"line":11,"column":13},"end":{"line":11,"column":32}},"4":{"start":{"line":14,"column":8},"end":{"line":17,"column":9}},"5":{"start":{"line":15,"column":12},"end":{"line":15,"column":66}},"6":{"start":{"line":16,"column":12},"end":{"line":16,"column":21}},"7":{"start":{"line":20,"column":23},"end":{"line":20,"column":49}},"8":{"start":{"line":22,"column":8},"end":{"line":22,"column":64}},"9":{"start":{"line":22,"column":37},"end":{"line":22,"column":62}},"10":{"start":{"line":23,"column":8},"end":{"line":23,"column":66}},"11":{"start":{"line":23,"column":39},"end":{"line":23,"column":64}},"12":{"start":{"line":25,"column":8},"end":{"line":25,"column":24}},"13":{"start":{"line":30,"column":40},"end":{"line":40,"column":1}},"14":{"start":{"line":30,"column":46},"end":{"line":40,"column":1}},"15":{"start":{"line":31,"column":13},"end":{"line":31,"column":44}},"16":{"start":{"line":33,"column":26},"end":{"line":36,"column":9}},"17":{"start":{"line":34,"column":27},"end":{"line":34,"column":69}},"18":{"start":{"line":38,"column":8},"end":{"line":38,"column":67}},"19":{"start":{"line":38,"column":36},"end":{"line":38,"column":66}},"20":{"start":{"line":42,"column":47},"end":{"line":47,"column":1}},"21":{"start":{"line":42,"column":53},"end":{"line":47,"column":1}},"22":{"start":{"line":43,"column":13},"end":{"line":43,"column":24}},"23":{"start":{"line":44,"column":13},"end":{"line":46,"column":20}},"24":{"start":{"line":45,"column":20},"end":{"line":45,"column":51}},"25":{"start":{"line":53,"column":22},"end":{"line":81,"column":1}},"26":{"start":{"line":54,"column":17},"end":{"line":54,"column":32}},"27":{"start":{"line":56,"column":4},"end":{"line":78,"column":5}},"28":{"start":{"line":57,"column":8},"end":{"line":57,"column":33}},"29":{"start":{"line":58,"column":11},"end":{"line":78,"column":5}},"30":{"start":{"line":60,"column":8},"end":{"line":60,"column":38}},"31":{"start":{"line":60,"column":30},"end":{"line":60,"column":38}},"32":{"start":{"line":62,"column":8},"end":{"line":65,"column":9}},"33":{"start":{"line":63,"column":26},"end":{"line":63,"column":42}},"34":{"start":{"line":66,"column":11},"end":{"line":78,"column":5}},"35":{"start":{"line":67,"column":22},"end":{"line":67,"column":55}},"36":{"start":{"line":67,"column":43},"end":{"line":67,"column":54}},"37":{"start":{"line":69,"column":26},"end":{"line":71,"column":62}},"38":{"start":{"line":70,"column":28},"end":{"line":70,"column":55}},"39":{"start":{"line":71,"column":35},"end":{"line":71,"column":58}},"40":{"start":{"line":73,"column":32},"end":{"line":75,"column":71}},"41":{"start":{"line":74,"column":28},"end":{"line":74,"column":74}},"42":{"start":{"line":75,"column":35},"end":{"line":75,"column":67}},"43":{"start":{"line":77,"column":8},"end":{"line":77,"column":46}},"44":{"start":{"line":80,"column":4},"end":{"line":80,"column":13}}},"fnMap":{"0":{"name":"(anonymous_0)","decl":{"start":{"line":9,"column":40},"end":{"line":9,"column":41}},"loc":{"start":{"line":9,"column":50},"end":{"line":27,"column":1}},"line":9},"1":{"name":"(anonymous_1)","decl":{"start":{"line":10,"column":4},"end":{"line":10,"column":5}},"loc":{"start":{"line":10,"column":13},"end":{"line":10,"column":44}},"line":10},"2":{"name":"(anonymous_2)","decl":{"start":{"line":11,"column":4},"end":{"line":11,"column":5}},"loc":{"start":{"line":11,"column":13},"end":{"line":11,"column":32}},"line":11},"3":{"name":"(anonymous_3)","decl":{"start":{"line":13,"column":4},"end":{"line":13,"column":5}},"loc":{"start":{"line":13,"column":30},"end":{"line":26,"column":5}},"line":13},"4":{"name":"(anonymous_4)","decl":{"start":{"line":22,"column":27},"end":{"line":22,"column":28}},"loc":{"start":{"line":22,"column":37},"end":{"line":22,"column":62}},"line":22},"5":{"name":"(anonymous_5)","decl":{"start":{"line":23,"column":29},"end":{"line":23,"column":30}},"loc":{"start":{"line":23,"column":39},"end":{"line":23,"column":64}},"line":23},"6":{"name":"(anonymous_6)","decl":{"start":{"line":30,"column":40},"end":{"line":30,"column":41}},"loc":{"start":{"line":30,"column":46},"end":{"line":40,"column":1}},"line":30},"7":{"name":"(anonymous_7)","decl":{"start":{"line":31,"column":4},"end":{"line":31,"column":5}},"loc":{"start":{"line":31,"column":13},"end":{"line":31,"column":44}},"line":31},"8":{"name":"(anonymous_8)","decl":{"start":{"line":32,"column":4},"end":{"line":32,"column":5}},"loc":{"start":{"line":32,"column":13},"end":{"line":39,"column":5}},"line":32},"9":{"name":"(anonymous_9)","decl":{"start":{"line":34,"column":12},"end":{"line":34,"column":13}},"loc":{"start":{"line":34,"column":27},"end":{"line":34,"column":69}},"line":34},"10":{"name":"(anonymous_10)","decl":{"start":{"line":38,"column":28},"end":{"line":38,"column":29}},"loc":{"start":{"line":38,"column":36},"end":{"line":38,"column":66}},"line":38},"11":{"name":"(anonymous_11)","decl":{"start":{"line":42,"column":47},"end":{"line":42,"column":48}},"loc":{"start":{"line":42,"column":53},"end":{"line":47,"column":1}},"line":42},"12":{"name":"(anonymous_12)","decl":{"start":{"line":43,"column":4},"end":{"line":43,"column":5}},"loc":{"start":{"line":43,"column":13},"end":{"line":43,"column":24}},"line":43},"13":{"name":"(anonymous_13)","decl":{"start":{"line":44,"column":4},"end":{"line":44,"column":5}},"loc":{"start":{"line":44,"column":13},"end":{"line":46,"column":20}},"line":44},"14":{"name":"(anonymous_14)","decl":{"start":{"line":45,"column":14},"end":{"line":45,"column":15}},"loc":{"start":{"line":45,"column":20},"end":{"line":45,"column":51}},"line":45},"15":{"name":"(anonymous_15)","decl":{"start":{"line":53,"column":22},"end":{"line":53,"column":23}},"loc":{"start":{"line":53,"column":39},"end":{"line":81,"column":1}},"line":53},"16":{"name":"(anonymous_16)","decl":{"start":{"line":63,"column":12},"end":{"line":63,"column":13}},"loc":{"start":{"line":63,"column":26},"end":{"line":63,"column":42}},"line":63},"17":{"name":"(anonymous_17)","decl":{"start":{"line":67,"column":35},"end":{"line":67,"column":36}},"loc":{"start":{"line":67,"column":43},"end":{"line":67,"column":54}},"line":67},"18":{"name":"(anonymous_18)","decl":{"start":{"line":70,"column":20},"end":{"line":70,"column":21}},"loc":{"start":{"line":70,"column":28},"end":{"line":70,"column":55}},"line":70},"19":{"name":"(anonymous_19)","decl":{"start":{"line":71,"column":20},"end":{"line":71,"column":21}},"loc":{"start":{"line":71,"column":35},"end":{"line":71,"column":58}},"line":71},"20":{"name":"(anonymous_20)","decl":{"start":{"line":74,"column":20},"end":{"line":74,"column":21}},"loc":{"start":{"line":74,"column":28},"end":{"line":74,"column":74}},"line":74},"21":{"name":"(anonymous_21)","decl":{"start":{"line":75,"column":20},"end":{"line":75,"column":21}},"loc":{"start":{"line":75,"column":35},"end":{"line":75,"column":67}},"line":75}},"branchMap":{"0":{"loc":{"start":{"line":14,"column":8},"end":{"line":17,"column":9}},"type":"if","locations":[{"start":{"line":14,"column":8},"end":{"line":17,"column":9}},{"start":{"line":14,"column":8},"end":{"line":17,"column":9}}],"line":14},"1":{"loc":{"start":{"line":34,"column":27},"end":{"line":34,"column":69}},"type":"cond-expr","locations":[{"start":{"line":34,"column":40},"end":{"line":34,"column":63}},{"start":{"line":34,"column":66},"end":{"line":34,"column":69}}],"line":34},"2":{"loc":{"start":{"line":56,"column":4},"end":{"line":78,"column":5}},"type":"if","locations":[{"start":{"line":56,"column":4},"end":{"line":78,"column":5}},{"start":{"line":56,"column":4},"end":{"line":78,"column":5}}],"line":56},"3":{"loc":{"start":{"line":56,"column":8},"end":{"line":56,"column":44}},"type":"binary-expr","locations":[{"start":{"line":56,"column":8},"end":{"line":56,"column":24}},{"start":{"line":56,"column":28},"end":{"line":56,"column":44}}],"line":56},"4":{"loc":{"start":{"line":58,"column":11},"end":{"line":78,"column":5}},"type":"if","locations":[{"start":{"line":58,"column":11},"end":{"line":78,"column":5}},{"start":{"line":58,"column":11},"end":{"line":78,"column":5}}],"line":58},"5":{"loc":{"start":{"line":60,"column":8},"end":{"line":60,"column":38}},"type":"if","locations":[{"start":{"line":60,"column":8},"end":{"line":60,"column":38}},{"start":{"line":60,"column":8},"end":{"line":60,"column":38}}],"line":60},"6":{"loc":{"start":{"line":66,"column":11},"end":{"line":78,"column":5}},"type":"if","locations":[{"start":{"line":66,"column":11},"end":{"line":78,"column":5}},{"start":{"line":66,"column":11},"end":{"line":78,"column":5}}],"line":66}},"s":{"0":1,"1":7,"2":7,"3":7,"4":7,"5":0,"6":0,"7":7,"8":7,"9":3,"10":7,"11":3,"12":7,"13":1,"14":1,"15":1,"16":1,"17":3,"18":1,"19":3,"20":1,"21":0,"22":0,"23":0,"24":0,"25":1,"26":9,"27":9,"28":5,"29":4,"30":3,"31":1,"32":2,"33":5,"34":1,"35":1,"36":5,"37":1,"38":5,"39":2,"40":1,"41":5,"42":2,"43":1,"44":0},"f":{"0":7,"1":7,"2":7,"3":7,"4":3,"5":3,"6":1,"7":1,"8":1,"9":3,"10":3,"11":0,"12":0,"13":0,"14":0,"15":9,"16":5,"17":5,"18":5,"19":2,"20":5,"21":2},"b":{"0":[0,7],"1":[1,2],"2":[5,4],"3":[9,8],"4":[3,1],"5":[1,2],"6":[1,0]},"_coverageSchema":"1a1c01bbd47fc00a2c39e90264f33305004495a9","hash":"515f38f7fdc2a18a5bb36a981fa65c5da35db24e"}
,"/Users/mnitschke/fi/client/src/modules/root/root.actions.js": {"path":"/Users/mnitschke/fi/client/src/modules/root/root.actions.js","statementMap":{"0":{"start":{"line":1,"column":26},"end":{"line":4,"column":2}},"1":{"start":{"line":1,"column":37},"end":{"line":4,"column":1}},"2":{"start":{"line":6,"column":33},"end":{"line":9,"column":2}},"3":{"start":{"line":6,"column":51},"end":{"line":9,"column":1}},"4":{"start":{"line":11,"column":32},"end":{"line":14,"column":2}},"5":{"start":{"line":11,"column":41},"end":{"line":14,"column":1}},"6":{"start":{"line":16,"column":26},"end":{"line":19,"column":2}},"7":{"start":{"line":16,"column":35},"end":{"line":19,"column":1}},"8":{"start":{"line":22,"column":4},"end":{"line":26,"column":5}}},"fnMap":{"0":{"name":"(anonymous_0)","decl":{"start":{"line":1,"column":26},"end":{"line":1,"column":27}},"loc":{"start":{"line":1,"column":37},"end":{"line":4,"column":1}},"line":1},"1":{"name":"(anonymous_1)","decl":{"start":{"line":6,"column":33},"end":{"line":6,"column":34}},"loc":{"start":{"line":6,"column":51},"end":{"line":9,"column":1}},"line":6},"2":{"name":"(anonymous_2)","decl":{"start":{"line":11,"column":32},"end":{"line":11,"column":33}},"loc":{"start":{"line":11,"column":41},"end":{"line":14,"column":1}},"line":11},"3":{"name":"(anonymous_3)","decl":{"start":{"line":16,"column":26},"end":{"line":16,"column":27}},"loc":{"start":{"line":16,"column":35},"end":{"line":19,"column":1}},"line":16},"4":{"name":"ignoreTransaction","decl":{"start":{"line":21,"column":16},"end":{"line":21,"column":33}},"loc":{"start":{"line":21,"column":49},"end":{"line":27,"column":1}},"line":21}},"branchMap":{},"s":{"0":1,"1":1,"2":1,"3":1,"4":1,"5":1,"6":1,"7":1,"8":1},"f":{"0":1,"1":1,"2":1,"3":1,"4":1},"b":{},"_coverageSchema":"1a1c01bbd47fc00a2c39e90264f33305004495a9","hash":"b016dee461c50a83464e7f97b7c672677d0d3572"}
,"/Users/mnitschke/fi/client/src/modules/root/root.reducer.js": {"path":"/Users/mnitschke/fi/client/src/modules/root/root.reducer.js","statementMap":{"0":{"start":{"line":3,"column":4},"end":{"line":36,"column":5}},"1":{"start":{"line":5,"column":12},"end":{"line":8,"column":13}},"2":{"start":{"line":11,"column":12},"end":{"line":14,"column":13}},"3":{"start":{"line":17,"column":12},"end":{"line":20,"column":13}},"4":{"start":{"line":23,"column":12},"end":{"line":29,"column":13}},"5":{"start":{"line":32,"column":12},"end":{"line":35,"column":14}},"6":{"start":{"line":38,"column":4},"end":{"line":38,"column":16}}},"fnMap":{"0":{"name":"rootReducer","decl":{"start":{"line":1,"column":16},"end":{"line":1,"column":27}},"loc":{"start":{"line":1,"column":48},"end":{"line":39,"column":1}},"line":1}},"branchMap":{"0":{"loc":{"start":{"line":1,"column":28},"end":{"line":1,"column":38}},"type":"default-arg","locations":[{"start":{"line":1,"column":36},"end":{"line":1,"column":38}}],"line":1},"1":{"loc":{"start":{"line":3,"column":4},"end":{"line":36,"column":5}},"type":"switch","locations":[{"start":{"line":4,"column":8},"end":{"line":8,"column":13}},{"start":{"line":10,"column":8},"end":{"line":14,"column":13}},{"start":{"line":16,"column":8},"end":{"line":20,"column":13}},{"start":{"line":22,"column":8},"end":{"line":29,"column":13}},{"start":{"line":31,"column":8},"end":{"line":35,"column":14}}],"line":3}},"s":{"0":6,"1":1,"2":1,"3":1,"4":1,"5":1,"6":1},"f":{"0":6},"b":{"0":[1],"1":[1,1,1,1,1]},"_coverageSchema":"1a1c01bbd47fc00a2c39e90264f33305004495a9","hash":"db93e695cb265d9fde0cb301860a0872c298cdb8"}
,"/Users/mnitschke/fi/client/src/modules/transactions/transactions.actions.js": {"path":"/Users/mnitschke/fi/client/src/modules/transactions/transactions.actions.js","statementMap":{"0":{"start":{"line":2,"column":4},"end":{"line":5,"column":5}}},"fnMap":{"0":{"name":"addTransaction","decl":{"start":{"line":1,"column":16},"end":{"line":1,"column":30}},"loc":{"start":{"line":1,"column":44},"end":{"line":6,"column":1}},"line":1}},"branchMap":{},"s":{"0":1},"f":{"0":1},"b":{},"_coverageSchema":"1a1c01bbd47fc00a2c39e90264f33305004495a9","hash":"8d1aa54222632eda6c83427ef33c687809e0c621"}
,"/Users/mnitschke/fi/client/src/modules/transactions/transactions.reducer.js": {"path":"/Users/mnitschke/fi/client/src/modules/transactions/transactions.reducer.js","statementMap":{"0":{"start":{"line":2,"column":4},"end":{"line":9,"column":5}},"1":{"start":{"line":5,"column":12},"end":{"line":8,"column":13}},"2":{"start":{"line":11,"column":4},"end":{"line":11,"column":24}}},"fnMap":{"0":{"name":"transactionsReducer","decl":{"start":{"line":1,"column":16},"end":{"line":1,"column":35}},"loc":{"start":{"line":1,"column":63},"end":{"line":12,"column":1}},"line":1}},"branchMap":{"0":{"loc":{"start":{"line":1,"column":36},"end":{"line":1,"column":53}},"type":"default-arg","locations":[{"start":{"line":1,"column":51},"end":{"line":1,"column":53}}],"line":1},"1":{"loc":{"start":{"line":2,"column":4},"end":{"line":9,"column":5}},"type":"switch","locations":[{"start":{"line":4,"column":8},"end":{"line":8,"column":13}}],"line":2}},"s":{"0":2,"1":1,"2":1},"f":{"0":2},"b":{"0":[1],"1":[1]},"_coverageSchema":"1a1c01bbd47fc00a2c39e90264f33305004495a9","hash":"31c8a1cb7fafeea5eb0ee75db683a1c45ed3a1e0"}
}
