TN:
SF:src/utils.js
FN:1,getFirstOfMonth
FN:9,(anonymous_1)
FN:12,(anonymous_2)
FNF:3
FNH:2
FNDA:0,getFirstOfMonth
FNDA:8,(anonymous_1)
FNDA:16,(anonymous_2)
DA:2,0
DA:9,1
DA:10,8
DA:13,16
LF:4
LH:3
BRF:0
BRH:0
end_of_record
TN:
SF:src/modules/borrows/borrows.actions.js
FN:1,addBorrow
FNF:1
FNH:1
FNDA:1,addBorrow
DA:6,1
LF:1
LH:1
BRF:0
BRH:0
end_of_record
TN:
SF:src/modules/borrows/borrows.reducer.js
FN:3,borrowsReducer
FNF:1
FNH:1
FNDA:2,borrowsReducer
DA:5,2
DA:7,1
DA:13,1
LF:3
LH:3
BRDA:3,0,0,1
BRDA:5,1,0,1
BRF:2
BRH:2
end_of_record
TN:
SF:src/modules/borrows/borrows.selectors.js
FN:3,(anonymous_0)
FN:5,(anonymous_1)
FN:7,(anonymous_2)
FN:8,(anonymous_3)
FNF:4
FNH:4
FNDA:7,(anonymous_0)
FNDA:7,(anonymous_1)
FNDA:7,(anonymous_2)
FNDA:6,(anonymous_3)
DA:3,7
DA:5,7
DA:7,7
DA:9,6
DA:10,6
DA:11,3
DA:12,3
DA:13,3
DA:15,6
LF:9
LH:9
BRDA:10,0,0,3
BRDA:10,0,1,3
BRDA:12,1,0,3
BRDA:12,1,1,0
BRF:4
BRH:3
end_of_record
TN:
SF:src/modules/items/items.actions.js
FN:1,addBucket
FN:10,addBucketGroup
FN:18,updateItem
FN:30,deleteItem
FN:38,addTransactionToItem
FN:47,updateItemValue
FNF:6
FNH:5
FNDA:2,addBucket
FNDA:1,addBucketGroup
FNDA:1,updateItem
FNDA:2,deleteItem
FNDA:1,addTransactionToItem
FNDA:0,updateItemValue
DA:2,2
DA:11,1
DA:22,1
DA:31,2
DA:39,1
DA:48,0
LF:6
LH:5
BRF:0
BRH:0
end_of_record
TN:
SF:src/modules/items/items.reducer.js
FN:3,itemsReducer
FN:38,(anonymous_1)
FN:39,(anonymous_2)
FN:44,(anonymous_3)
FNF:4
FNH:4
FNDA:8,itemsReducer
FNDA:8,(anonymous_1)
FNDA:6,(anonymous_2)
FNDA:4,(anonymous_3)
DA:4,8
DA:7,2
DA:9,2
DA:18,2
DA:19,1
DA:22,2
DA:25,1
DA:31,1
DA:37,2
DA:38,8
DA:40,6
DA:43,6
DA:44,4
DA:47,6
DA:49,6
DA:53,1
DA:65,1
LF:17
LH:17
BRDA:3,0,0,1
BRDA:4,1,0,2
BRDA:4,1,1,1
BRDA:4,1,2,1
BRDA:4,1,3,2
BRDA:4,1,4,1
BRDA:18,2,0,1
BRDA:18,2,1,1
BRDA:43,3,0,2
BRDA:43,3,1,4
BRDA:58,4,0,1
BRDA:58,4,1,1
BRF:12
BRH:12
end_of_record
TN:
SF:src/modules/items/items.selectors.js
FN:9,(anonymous_0)
FN:10,(anonymous_1)
FN:11,(anonymous_2)
FN:13,(anonymous_3)
FN:22,(anonymous_4)
FN:23,(anonymous_5)
FN:30,(anonymous_6)
FN:31,(anonymous_7)
FN:32,(anonymous_8)
FN:34,(anonymous_9)
FN:38,(anonymous_10)
FN:42,(anonymous_11)
FN:43,(anonymous_12)
FN:44,(anonymous_13)
FN:45,(anonymous_14)
FN:53,(anonymous_15)
FN:63,(anonymous_16)
FN:67,(anonymous_17)
FN:70,(anonymous_18)
FN:71,(anonymous_19)
FN:74,(anonymous_20)
FN:75,(anonymous_21)
FNF:22
FNH:18
FNDA:7,(anonymous_0)
FNDA:7,(anonymous_1)
FNDA:7,(anonymous_2)
FNDA:7,(anonymous_3)
FNDA:3,(anonymous_4)
FNDA:3,(anonymous_5)
FNDA:1,(anonymous_6)
FNDA:1,(anonymous_7)
FNDA:1,(anonymous_8)
FNDA:3,(anonymous_9)
FNDA:3,(anonymous_10)
FNDA:0,(anonymous_11)
FNDA:0,(anonymous_12)
FNDA:0,(anonymous_13)
FNDA:0,(anonymous_14)
FNDA:9,(anonymous_15)
FNDA:5,(anonymous_16)
FNDA:5,(anonymous_17)
FNDA:5,(anonymous_18)
FNDA:2,(anonymous_19)
FNDA:5,(anonymous_20)
FNDA:2,(anonymous_21)
DA:9,7
DA:10,7
DA:11,7
DA:14,7
DA:15,0
DA:16,0
DA:20,7
DA:22,7
DA:23,7
DA:25,7
DA:30,1
DA:31,1
DA:33,1
DA:34,3
DA:38,3
DA:42,1
DA:43,0
DA:44,0
DA:45,0
DA:53,1
DA:54,9
DA:56,9
DA:57,5
DA:58,4
DA:60,3
DA:62,2
DA:63,5
DA:66,1
DA:67,5
DA:69,1
DA:70,5
DA:71,2
DA:73,1
DA:74,5
DA:75,2
DA:77,1
DA:80,0
LF:37
LH:31
BRDA:14,0,0,0
BRDA:14,0,1,7
BRDA:34,1,0,1
BRDA:34,1,1,2
BRDA:56,2,0,5
BRDA:56,2,1,4
BRDA:56,3,0,9
BRDA:56,3,1,8
BRDA:58,4,0,3
BRDA:58,4,1,1
BRDA:60,5,0,1
BRDA:60,5,1,2
BRDA:66,6,0,1
BRDA:66,6,1,0
BRF:14
BRH:12
end_of_record
TN:
SF:src/modules/root/root.actions.js
FN:1,(anonymous_0)
FN:6,(anonymous_1)
FN:11,(anonymous_2)
FN:16,(anonymous_3)
FN:21,ignoreTransaction
FNF:5
FNH:5
FNDA:1,(anonymous_0)
FNDA:1,(anonymous_1)
FNDA:1,(anonymous_2)
FNDA:1,(anonymous_3)
FNDA:1,ignoreTransaction
DA:1,1
DA:6,1
DA:11,1
DA:16,1
DA:22,1
LF:5
LH:5
BRF:0
BRH:0
end_of_record
TN:
SF:src/modules/root/root.reducer.js
FN:1,rootReducer
FNF:1
FNH:1
FNDA:6,rootReducer
DA:3,6
DA:5,1
DA:11,1
DA:17,1
DA:23,1
DA:32,1
DA:38,1
LF:7
LH:7
BRDA:1,0,0,1
BRDA:3,1,0,1
BRDA:3,1,1,1
BRDA:3,1,2,1
BRDA:3,1,3,1
BRDA:3,1,4,1
BRF:6
BRH:6
end_of_record
TN:
SF:src/modules/transactions/transactions.actions.js
FN:1,addTransaction
FNF:1
FNH:1
FNDA:1,addTransaction
DA:2,1
LF:1
LH:1
BRF:0
BRH:0
end_of_record
TN:
SF:src/modules/transactions/transactions.reducer.js
FN:1,transactionsReducer
FNF:1
FNH:1
FNDA:2,transactionsReducer
DA:2,2
DA:5,1
DA:11,1
LF:3
LH:3
BRDA:1,0,0,1
BRDA:2,1,0,1
BRF:2
BRH:2
end_of_record
